<?xml version="1.0" encoding="UTF-8"?>
<!-- Generated by org.testng.reporters.JUnitReportReporter -->
<testsuite hostname="DESKTOP-JE7EC82" failures="0" tests="1" name="Academy.ValidateNavigationBar" time="32.365" errors="0" timestamp="2022-03-11T14:33:03 IST" skipped="0">
  <testcase classname="Academy.ValidateNavigationBar" name="basePageNavigation" time="32.365"/>
  <system-out/>
</testsuite> <!-- Academy.ValidateNavigationBar -->
