<?xml version="1.0" encoding="UTF-8"?>
<!-- Generated by org.testng.reporters.JUnitReportReporter -->
<testsuite hostname="DESKTOP-JE7EC82" failures="0" tests="2" name="Academy.HomePage" time="49.411" errors="0" timestamp="2022-03-11T14:33:03 IST" skipped="0">
  <testcase classname="Academy.HomePage" name="basePageNavigation" time="24.548"/>
  <system-out/>
  <testcase classname="Academy.HomePage" name="basePageNavigation" time="24.863"/>
  <system-out/>
</testsuite> <!-- Academy.HomePage -->
